
> admin@1.0.0 build
> next build

  ▲ Next.js 14.2.35

   Creating an optimized production build ...
 ✓ Compiled successfully
   Linting and checking validity of types ...
   Collecting page data ...
   Generating static pages (0/30) ...
   Generating static pages (7/30) 
   Generating static pages (14/30) 
prisma:error 
Invalid `prisma.post.findMany()` invocation:


error: Environment variable not found: DATABASE_URL.
  -->  schema.prisma:7
   | 
 6 |   provider = "postgresql"
 7 |   url      = env("DATABASE_URL")
   | 

Validation Error Count: 1
prisma:error 
Invalid `prisma.post.findMany()` invocation:


error: Environment variable not found: DATABASE_URL.
  -->  schema.prisma:7
   | 
 6 |   provider = "postgresql"
 7 |   url      = env("DATABASE_URL")
   | 

Validation Error Count: 1
prisma:error 
Invalid `prisma.coffee.findMany()` invocation:


error: Environment variable not found: DATABASE_URL.
  -->  schema.prisma:7
   | 
 6 |   provider = "postgresql"
 7 |   url      = env("DATABASE_URL")
   | 

Validation Error Count: 1
prisma:error 
Invalid `prisma.coffee.findMany()` invocation:


error: Environment variable not found: DATABASE_URL.
  -->  schema.prisma:7
   | 
 6 |   provider = "postgresql"
 7 |   url      = env("DATABASE_URL")
   | 

Validation Error Count: 1
prisma:error 
Invalid `prisma.order.findMany()` invocation:


error: Environment variable not found: DATABASE_URL.
  -->  schema.prisma:7
   | 
 6 |   provider = "postgresql"
 7 |   url      = env("DATABASE_URL")
   | 

Validation Error Count: 1
prisma:error 
Invalid `prisma.order.findMany()` invocation:


error: Environment variable not found: DATABASE_URL.
  -->  schema.prisma:7
   | 
 6 |   provider = "postgresql"
 7 |   url      = env("DATABASE_URL")
   | 

Validation Error Count: 1
prisma:error 
Invalid `prisma.coffee.findFirst()` invocation:


error: Environment variable not found: DATABASE_URL.
  -->  schema.prisma:7
   | 
 6 |   provider = "postgresql"
 7 |   url      = env("DATABASE_URL")
   | 

Validation Error Count: 1
prisma:error 
Invalid `prisma.lead.count()` invocation:


error: Environment variable not found: DATABASE_URL.
  -->  schema.prisma:7
   | 
 6 |   provider = "postgresql"
 7 |   url      = env("DATABASE_URL")
   | 

Validation Error Count: 1
prisma:error 
Invalid `prisma.order.count()` invocation:


error: Environment variable not found: DATABASE_URL.
  -->  schema.prisma:7
   | 
 6 |   provider = "postgresql"
 7 |   url      = env("DATABASE_URL")
   | 

Validation Error Count: 1
prisma:error 
Invalid `prisma.message.count()` invocation:


error: Environment variable not found: DATABASE_URL.
  -->  schema.prisma:7
   | 
 6 |   provider = "postgresql"
 7 |   url      = env("DATABASE_URL")
   | 

Validation Error Count: 1
prisma:error 
Invalid `prisma.post.findMany()` invocation:


error: Environment variable not found: DATABASE_URL.
  -->  schema.prisma:7
   | 
 6 |   provider = "postgresql"
 7 |   url      = env("DATABASE_URL")
   | 

Validation Error Count: 1
prisma:error 
Invalid `prisma.order.findMany()` invocation:


error: Environment variable not found: DATABASE_URL.
  -->  schema.prisma:7
   | 
 6 |   provider = "postgresql"
 7 |   url      = env("DATABASE_URL")
   | 

Validation Error Count: 1
PrismaClientInitializationError: 
Invalid `prisma.coffee.findMany()` invocation:


error: Environment variable not found: DATABASE_URL.
  -->  schema.prisma:7
   | 
 6 |   provider = "postgresql"
 7 |   url      = env("DATABASE_URL")
   | 

Validation Error Count: 1
    at $n.handleRequestError (C:\Users\Tuyo Isaza\Documents\GitHub\CBC\node_modules\@prisma\client\runtime\library.js:121:7615)
    at $n.handleAndLogRequestError (C:\Users\Tuyo Isaza\Documents\GitHub\CBC\node_modules\@prisma\client\runtime\library.js:121:6623)
    at $n.request (C:\Users\Tuyo Isaza\Documents\GitHub\CBC\node_modules\@prisma\client\runtime\library.js:121:6307)
    at async l (C:\Users\Tuyo Isaza\Documents\GitHub\CBC\node_modules\@prisma\client\runtime\library.js:130:9633)
    at async o (C:\Users\Tuyo Isaza\Documents\GitHub\CBC\apps\admin\.next\server\app\admin\(protected)\marketing\coffee\page.js:1:13454) {
  clientVersion: '5.22.0',
  errorCode: undefined,
  digest: '1056337889'
}
PrismaClientInitializationError: 
Invalid `prisma.coffee.findMany()` invocation:


error: Environment variable not found: DATABASE_URL.
  -->  schema.prisma:7
   | 
 6 |   provider = "postgresql"
 7 |   url      = env("DATABASE_URL")
   | 

Validation Error Count: 1
    at $n.handleRequestError (C:\Users\Tuyo Isaza\Documents\GitHub\CBC\node_modules\@prisma\client\runtime\library.js:121:7615)
    at $n.handleAndLogRequestError (C:\Users\Tuyo Isaza\Documents\GitHub\CBC\node_modules\@prisma\client\runtime\library.js:121:6623)
    at $n.request (C:\Users\Tuyo Isaza\Documents\GitHub\CBC\node_modules\@prisma\client\runtime\library.js:121:6307)
    at async l (C:\Users\Tuyo Isaza\Documents\GitHub\CBC\node_modules\@prisma\client\runtime\library.js:130:9633)
    at async o (C:\Users\Tuyo Isaza\Documents\GitHub\CBC\apps\admin\.next\server\app\admin\(protected)\marketing\coffee\page.js:1:13454) {
  clientVersion: '5.22.0',
  errorCode: undefined,
  digest: '1056337889'
}
PrismaClientInitializationError: 
Invalid `prisma.setting.findMany()` invocation:


error: Environment variable not found: DATABASE_URL.
  -->  schema.prisma:7
   | 
 6 |   provider = "postgresql"
 7 |   url      = env("DATABASE_URL")
   | 

Validation Error Count: 1
    at $n.handleRequestError (C:\Users\Tuyo Isaza\Documents\GitHub\CBC\node_modules\@prisma\client\runtime\library.js:121:7615)
    at $n.handleAndLogRequestError (C:\Users\Tuyo Isaza\Documents\GitHub\CBC\node_modules\@prisma\client\runtime\library.js:121:6623)
    at $n.request (C:\Users\Tuyo Isaza\Documents\GitHub\CBC\node_modules\@prisma\client\runtime\library.js:121:6307)
    at async l (C:\Users\Tuyo Isaza\Documents\GitHub\CBC\node_modules\@prisma\client\runtime\library.js:130:9633)
    at async o (C:\Users\Tuyo Isaza\Documents\GitHub\CBC\apps\admin\.next\server\app\admin\(protected)\marketing\schedule\page.js:1:10243) {
  clientVersion: '5.22.0',
  errorCode: undefined,
  digest: '1881052715'
}
PrismaClientInitializationError: 
Invalid `prisma.setting.findMany()` invocation:


error: Environment variable not found: DATABASE_URL.
  -->  schema.prisma:7
   | 
 6 |   provider = "postgresql"
 7 |   url      = env("DATABASE_URL")
   | 

Validation Error Count: 1
    at $n.handleRequestError (C:\Users\Tuyo Isaza\Documents\GitHub\CBC\node_modules\@prisma\client\runtime\library.js:121:7615)
prisma:error 
Invalid `prisma.setting.findMany()` invocation:

    at $n.handleAndLogRequestError (C:\Users\Tuyo Isaza\Documents\GitHub\CBC\node_modules\@prisma\client\runtime\library.js:121:6623)

error: Environment variable not found: DATABASE_URL.
  -->  schema.prisma:7
   | 
    at $n.request (C:\Users\Tuyo Isaza\Documents\GitHub\CBC\node_modules\@prisma\client\runtime\library.js:121:6307)
 6 |   provider = "postgresql"
 7 |   url      = env("DATABASE_URL")
   | 
    at async l (C:\Users\Tuyo Isaza\Documents\GitHub\CBC\node_modules\@prisma\client\runtime\library.js:130:9633)

Validation Error Count: 1
    at async o (C:\Users\Tuyo Isaza\Documents\GitHub\CBC\apps\admin\.next\server\app\admin\(protected)\marketing\schedule\page.js:1:10243) {
  clientVersion: '5.22.0',
prisma:error 
Invalid `prisma.setting.findMany()` invocation:


error: Environment variable not found: DATABASE_URL.
  -->  schema.prisma:7
   | 
 6 |   provider = "postgresql"
  errorCode: undefined,
  digest: '1881052715'
}
 7 |   url      = env("DATABASE_URL")
   | 

Validation Error Count: 1
PrismaClientInitializationError: 
prisma:error 
Invalid `prisma.message.findMany()` invocation:

Invalid `prisma.post.findMany()` invocation:


error: Environment variable not found: DATABASE_URL.
  -->  schema.prisma:7
   | 
 6 |   provider = "postgresql"
 7 |   url      = env("DATABASE_URL")
   | 

Validation Error Count: 1
prisma:error 
Invalid `prisma.message.findMany()` invocation:


error: Environment variable not found: DATABASE_URL.
  -->  schema.prisma:7

   | 
 6 |   provider = "postgresql"
 7 |   url      = env("DATABASE_URL")
error: Environment variable not found: DATABASE_URL.
   | 

Validation Error Count: 1
prisma:error 
Invalid `prisma.order.findMany()` invocation:

  -->  schema.prisma:7

error: Environment variable not found: DATABASE_URL.
  -->  schema.prisma:7
   | 
   | 
 6 |   provider = "postgresql"
 7 |   url      = env("DATABASE_URL")
   | 

Validation Error Count: 1
 6 |   provider = "postgresql"
prisma:error 
Invalid `prisma.order.findMany()` invocation:

 7 |   url      = env("DATABASE_URL")

error: Environment variable not found: DATABASE_URL.
   | 
  -->  schema.prisma:7
   | 
 6 |   provider = "postgresql"
 7 |   url      = env("DATABASE_URL")
   | 

Validation Error Count: 1
prisma:error 

Invalid `prisma.customer.count()` invocation:


error: Environment variable not found: DATABASE_URL.
  -->  schema.prisma:7
   | 
Validation Error Count: 1
 6 |   provider = "postgresql"
 7 |   url      = env("DATABASE_URL")
    at $n.handleRequestError (C:\Users\Tuyo Isaza\Documents\GitHub\CBC\node_modules\@prisma\client\runtime\library.js:121:7615)
   | 
    at $n.handleAndLogRequestError (C:\Users\Tuyo Isaza\Documents\GitHub\CBC\node_modules\@prisma\client\runtime\library.js:121:6623)
    at $n.request (C:\Users\Tuyo Isaza\Documents\GitHub\CBC\node_modules\@prisma\client\runtime\library.js:121:6307)

Validation Error Count: 1
prisma:error 
Invalid `prisma.order.findMany()` invocation:


error: Environment variable not found: DATABASE_URL.
  -->  schema.prisma:7
   | 
 6 |   provider = "postgresql"
 7 |   url      = env("DATABASE_URL")
   | 

Validation Error Count: 1
prisma:error 
    at async l (C:\Users\Tuyo Isaza\Documents\GitHub\CBC\node_modules\@prisma\client\runtime\library.js:130:9633)
Invalid `prisma.order.findMany()` invocation:

    at async x (C:\Users\Tuyo Isaza\Documents\GitHub\CBC\apps\admin\.next\server\app\admin\(protected)\marketing\history\page.js:1:7474) {

error: Environment variable not found: DATABASE_URL.
  -->  schema.prisma:7
   | 
  clientVersion: '5.22.0',
 6 |   provider = "postgresql"
 7 |   url      = env("DATABASE_URL")
   | 

Validation Error Count: 1
  errorCode: undefined,
  digest: '2745269391'
prisma:error 
Invalid `prisma.customer.count()` invocation:

}
PrismaClientInitializationError: 

error: Environment variable not found: DATABASE_URL.
  -->  schema.prisma:7
   | 
 6 |   provider = "postgresql"
 7 |   url      = env("DATABASE_URL")
Invalid `prisma.post.findMany()` invocation:
   | 


Validation Error Count: 1

error: Environment variable not found: DATABASE_URL.
  -->  schema.prisma:7
   | 
 6 |   provider = "postgresql"
 7 |   url      = env("DATABASE_URL")
   | 

Validation Error Count: 1
    at $n.handleRequestError (C:\Users\Tuyo Isaza\Documents\GitHub\CBC\node_modules\@prisma\client\runtime\library.js:121:7615)
    at $n.handleAndLogRequestError (C:\Users\Tuyo Isaza\Documents\GitHub\CBC\node_modules\@prisma\client\runtime\library.js:121:6623)
    at $n.request (C:\Users\Tuyo Isaza\Documents\GitHub\CBC\node_modules\@prisma\client\runtime\library.js:121:6307)
    at async l (C:\Users\Tuyo Isaza\Documents\GitHub\CBC\node_modules\@prisma\client\runtime\library.js:130:9633)
    at async x (C:\Users\Tuyo Isaza\Documents\GitHub\CBC\apps\admin\.next\server\app\admin\(protected)\marketing\history\page.js:1:7474) {
  clientVersion: '5.22.0',
  errorCode: undefined,
  digest: '2745269391'
}
PrismaClientInitializationError: 
Invalid `prisma.message.findMany()` invocation:


error: Environment variable not found: DATABASE_URL.
  -->  schema.prisma:7
   | 
 6 |   provider = "postgresql"
 7 |   url      = env("DATABASE_URL")
   | 

Validation Error Count: 1
    at $n.handleRequestError (C:\Users\Tuyo Isaza\Documents\GitHub\CBC\node_modules\@prisma\client\runtime\library.js:121:7615)
    at $n.handleAndLogRequestError (C:\Users\Tuyo Isaza\Documents\GitHub\CBC\node_modules\@prisma\client\runtime\library.js:121:6623)
    at $n.request (C:\Users\Tuyo Isaza\Documents\GitHub\CBC\node_modules\@prisma\client\runtime\library.js:121:6307)
    at async l (C:\Users\Tuyo Isaza\Documents\GitHub\CBC\node_modules\@prisma\client\runtime\library.js:130:9633)
    at async o (C:\Users\Tuyo Isaza\Documents\GitHub\CBC\apps\admin\.next\server\app\admin\(protected)\service\page.js:1:13967) {
  clientVersion: '5.22.0',
  errorCode: undefined,
  digest: '670233669'
}
PrismaClientInitializationError: 
Invalid `prisma.message.findMany()` invocation:


error: Environment variable not found: DATABASE_URL.
  -->  schema.prisma:7
   | 
 6 |   provider = "postgresql"
 7 |   url      = env("DATABASE_URL")
   | 

Validation Error Count: 1
    at $n.handleRequestError (C:\Users\Tuyo Isaza\Documents\GitHub\CBC\node_modules\@prisma\client\runtime\library.js:121:7615)
    at $n.handleAndLogRequestError (C:\Users\Tuyo Isaza\Documents\GitHub\CBC\node_modules\@prisma\client\runtime\library.js:121:6623)
    at $n.request (C:\Users\Tuyo Isaza\Documents\GitHub\CBC\node_modules\@prisma\client\runtime\library.js:121:6307)
    at async l (C:\Users\Tuyo Isaza\Documents\GitHub\CBC\node_modules\@prisma\client\runtime\library.js:130:9633)
    at async o (C:\Users\Tuyo Isaza\Documents\GitHub\CBC\apps\admin\.next\server\app\admin\(protected)\service\page.js:1:13967) {
  clientVersion: '5.22.0',
  errorCode: undefined,
  digest: '670233669'
}
PrismaClientInitializationError: 
prisma:error 
Invalid `prisma.setting.findMany()` invocation:


error: Environment variable not found: DATABASE_URL.
  -->  schema.prisma:7
Invalid `prisma.order.findMany()` invocation:
   | 


error: Environment variable not found: DATABASE_URL.
 6 |   provider = "postgresql"
 7 |   url      = env("DATABASE_URL")
   | 

Validation Error Count: 1
prisma:error 
Invalid `prisma.setting.findMany()` invocation:


error: Environment variable not found: DATABASE_URL.
  -->  schema.prisma:7
  -->  schema.prisma:7
   | 
   | 
 6 |   provider = "postgresql"
 7 |   url      = env("DATABASE_URL")
   | 

Validation Error Count: 1
prisma:error 
Invalid `prisma.lead.findMany()` invocation:


 6 |   provider = "postgresql"
error: Environment variable not found: DATABASE_URL.
  -->  schema.prisma:7
   | 
 6 |   provider = "postgresql"
 7 |   url      = env("DATABASE_URL")
 7 |   url      = env("DATABASE_URL")
   | 

   | 
Validation Error Count: 1
prisma:error 
Invalid `prisma.lead.findMany()` invocation:



error: Environment variable not found: DATABASE_URL.
  -->  schema.prisma:7
   | 
 6 |   provider = "postgresql"
Validation Error Count: 1
    at $n.handleRequestError (C:\Users\Tuyo Isaza\Documents\GitHub\CBC\node_modules\@prisma\client\runtime\library.js:121:7615)
 7 |   url      = env("DATABASE_URL")
   | 

Validation Error Count: 1
prisma:error 
    at $n.handleAndLogRequestError (C:\Users\Tuyo Isaza\Documents\GitHub\CBC\node_modules\@prisma\client\runtime\library.js:121:6623)
Invalid `prisma.coffee.findFirst()` invocation:


error: Environment variable not found: DATABASE_URL.
  -->  schema.prisma:7
   | 
 6 |   provider = "postgresql"
    at $n.request (C:\Users\Tuyo Isaza\Documents\GitHub\CBC\node_modules\@prisma\client\runtime\library.js:121:6307)
    at async l (C:\Users\Tuyo Isaza\Documents\GitHub\CBC\node_modules\@prisma\client\runtime\library.js:130:9633)
 7 |   url      = env("DATABASE_URL")
   | 

Validation Error Count: 1
    at async d (C:\Users\Tuyo Isaza\Documents\GitHub\CBC\apps\admin\.next\server\app\admin\(protected)\sales\orders\page.js:1:6669) {
prisma:error 
Invalid `prisma.coffee.findFirst()` invocation:


  clientVersion: '5.22.0',
error: Environment variable not found: DATABASE_URL.
  -->  schema.prisma:7
  errorCode: undefined,
  digest: '1108332687'
}
PrismaClientInitializationError: 
   | 
 6 |   provider = "postgresql"
 7 |   url      = env("DATABASE_URL")
   | 

Invalid `prisma.order.findMany()` invocation:
Validation Error Count: 1

prisma:error 
Invalid `prisma.coffee.findFirst()` invocation:


error: Environment variable not found: DATABASE_URL.

  -->  schema.prisma:7
   | 
error: Environment variable not found: DATABASE_URL.
  -->  schema.prisma:7
 6 |   provider = "postgresql"
   | 
 7 |   url      = env("DATABASE_URL")
   | 
 6 |   provider = "postgresql"
 7 |   url      = env("DATABASE_URL")

   | 
Validation Error Count: 1
prisma:error 
Invalid `prisma.lead.count()` invocation:


error: Environment variable not found: DATABASE_URL.
  -->  schema.prisma:7

   | 
Validation Error Count: 1
 6 |   provider = "postgresql"
 7 |   url      = env("DATABASE_URL")
    at $n.handleRequestError (C:\Users\Tuyo Isaza\Documents\GitHub\CBC\node_modules\@prisma\client\runtime\library.js:121:7615)
   | 

Validation Error Count: 1
prisma:error 
    at $n.handleAndLogRequestError (C:\Users\Tuyo Isaza\Documents\GitHub\CBC\node_modules\@prisma\client\runtime\library.js:121:6623)
    at $n.request (C:\Users\Tuyo Isaza\Documents\GitHub\CBC\node_modules\@prisma\client\runtime\library.js:121:6307)
Invalid `prisma.order.count()` invocation:


error: Environment variable not found: DATABASE_URL.
  -->  schema.prisma:7
   | 
 6 |   provider = "postgresql"
 7 |   url      = env("DATABASE_URL")
   | 

Validation Error Count: 1
prisma:error 
    at async l (C:\Users\Tuyo Isaza\Documents\GitHub\CBC\node_modules\@prisma\client\runtime\library.js:130:9633)
Invalid `prisma.message.count()` invocation:
    at async d (C:\Users\Tuyo Isaza\Documents\GitHub\CBC\apps\admin\.next\server\app\admin\(protected)\sales\orders\page.js:1:6669) {

  clientVersion: '5.22.0',

error: Environment variable not found: DATABASE_URL.
  -->  schema.prisma:7
  errorCode: undefined,
   | 
 6 |   provider = "postgresql"
 7 |   url      = env("DATABASE_URL")
  digest: '1108332687'
   | 

Validation Error Count: 1
prisma:error 
Invalid `prisma.post.findMany()` invocation:

}

error: Environment variable not found: DATABASE_URL.
  -->  schema.prisma:7
   | 
 6 |   provider = "postgresql"
 7 |   url      = env("DATABASE_URL")
   | 
PrismaClientInitializationError: 
Invalid `prisma.order.findMany()` invocation:


Validation Error Count: 1
prisma:error 
Invalid `prisma.order.findMany()` invocation:



error: Environment variable not found: DATABASE_URL.
  -->  schema.prisma:7
   | 
 6 |   provider = "postgresql"
 7 |   url      = env("DATABASE_URL")
   | 

Validation Error Count: 1
error: Environment variable not found: DATABASE_URL.
   Generating static pages (22/30) 
  -->  schema.prisma:7
   | 
 6 |   provider = "postgresql"
 7 |   url      = env("DATABASE_URL")
   | 

Validation Error Count: 1
    at $n.handleRequestError (C:\Users\Tuyo Isaza\Documents\GitHub\CBC\node_modules\@prisma\client\runtime\library.js:121:7615)
    at $n.handleAndLogRequestError (C:\Users\Tuyo Isaza\Documents\GitHub\CBC\node_modules\@prisma\client\runtime\library.js:121:6623)
    at $n.request (C:\Users\Tuyo Isaza\Documents\GitHub\CBC\node_modules\@prisma\client\runtime\library.js:121:6307)
    at async l (C:\Users\Tuyo Isaza\Documents\GitHub\CBC\node_modules\@prisma\client\runtime\library.js:130:9633)
    at async Promise.all (index 0)
    at async u (C:\Users\Tuyo Isaza\Documents\GitHub\CBC\apps\admin\.next\server\app\admin\(protected)\sales\revenue\page.js:1:6997)
    at async m (C:\Users\Tuyo Isaza\Documents\GitHub\CBC\apps\admin\.next\server\app\admin\(protected)\sales\revenue\page.js:1:7469) {
  clientVersion: '5.22.0',
  errorCode: undefined,
  digest: '3946580784'
}
PrismaClientInitializationError: 
Invalid `prisma.order.findMany()` invocation:


error: Environment variable not found: DATABASE_URL.
  -->  schema.prisma:7
   | 
 6 |   provider = "postgresql"
 7 |   url      = env("DATABASE_URL")
   | 

Validation Error Count: 1
    at $n.handleRequestError (C:\Users\Tuyo Isaza\Documents\GitHub\CBC\node_modules\@prisma\client\runtime\library.js:121:7615)
    at $n.handleAndLogRequestError (C:\Users\Tuyo Isaza\Documents\GitHub\CBC\node_modules\@prisma\client\runtime\library.js:121:6623)
    at $n.request (C:\Users\Tuyo Isaza\Documents\GitHub\CBC\node_modules\@prisma\client\runtime\library.js:121:6307)
    at async l (C:\Users\Tuyo Isaza\Documents\GitHub\CBC\node_modules\@prisma\client\runtime\library.js:130:9633)
    at async Promise.all (index 0)
    at async u (C:\Users\Tuyo Isaza\Documents\GitHub\CBC\apps\admin\.next\server\app\admin\(protected)\sales\revenue\page.js:1:6997)
    at async m (C:\Users\Tuyo Isaza\Documents\GitHub\CBC\apps\admin\.next\server\app\admin\(protected)\sales\revenue\page.js:1:7469) {
  clientVersion: '5.22.0',
  errorCode: undefined,
  digest: '3946580784'
}
PrismaClientInitializationError: 
Invalid `prisma.coffee.findFirst()` invocation:


error: Environment variable not found: DATABASE_URL.
  -->  schema.prisma:7
   | 
 6 |   provider = "postgresql"
 7 |   url      = env("DATABASE_URL")
   | 

Validation Error Count: 1
    at $n.handleRequestError (C:\Users\Tuyo Isaza\Documents\GitHub\CBC\node_modules\@prisma\client\runtime\library.js:121:7615)
    at $n.handleAndLogRequestError (C:\Users\Tuyo Isaza\Documents\GitHub\CBC\node_modules\@prisma\client\runtime\library.js:121:6623)
    at $n.request (C:\Users\Tuyo Isaza\Documents\GitHub\CBC\node_modules\@prisma\client\runtime\library.js:121:6307)
    at async l (C:\Users\Tuyo Isaza\Documents\GitHub\CBC\node_modules\@prisma\client\runtime\library.js:130:9633)
    at async Promise.all (index 0)
    at async b (C:\Users\Tuyo Isaza\Documents\GitHub\CBC\apps\admin\.next\server\app\admin\(protected)\dashboard\page.js:1:6387)
    at async y (C:\Users\Tuyo Isaza\Documents\GitHub\CBC\apps\admin\.next\server\app\admin\(protected)\dashboard\page.js:1:7109) {
  clientVersion: '5.22.0',
  errorCode: undefined,
  digest: '434082875'
}
PrismaClientInitializationError: 
Invalid `prisma.coffee.findFirst()` invocation:


error: Environment variable not found: DATABASE_URL.
  -->  schema.prisma:7
   | 
 6 |   provider = "postgresql"
 7 |   url      = env("DATABASE_URL")
   | 

Validation Error Count: 1
    at $n.handleRequestError (C:\Users\Tuyo Isaza\Documents\GitHub\CBC\node_modules\@prisma\client\runtime\library.js:121:7615)
    at $n.handleAndLogRequestError (C:\Users\Tuyo Isaza\Documents\GitHub\CBC\node_modules\@prisma\client\runtime\library.js:121:6623)
    at $n.request (C:\Users\Tuyo Isaza\Documents\GitHub\CBC\node_modules\@prisma\client\runtime\library.js:121:6307)
    at async l (C:\Users\Tuyo Isaza\Documents\GitHub\CBC\node_modules\@prisma\client\runtime\library.js:130:9633)
    at async Promise.all (index 0)
    at async b (C:\Users\Tuyo Isaza\Documents\GitHub\CBC\apps\admin\.next\server\app\admin\(protected)\dashboard\page.js:1:6387)
    at async y (C:\Users\Tuyo Isaza\Documents\GitHub\CBC\apps\admin\.next\server\app\admin\(protected)\dashboard\page.js:1:7109) {
  clientVersion: '5.22.0',
  errorCode: undefined,
  digest: '434082875'
}
PrismaClientInitializationError: 
Invalid `prisma.setting.findMany()` invocation:


error: Environment variable not found: DATABASE_URL.
  -->  schema.prisma:7
   | 
 6 |   provider = "postgresql"
 7 |   url      = env("DATABASE_URL")
   | 

Validation Error Count: 1
    at $n.handleRequestError (C:\Users\Tuyo Isaza\Documents\GitHub\CBC\node_modules\@prisma\client\runtime\library.js:121:7615)
    at $n.handleAndLogRequestError (C:\Users\Tuyo Isaza\Documents\GitHub\CBC\node_modules\@prisma\client\runtime\library.js:121:6623)
    at $n.request (C:\Users\Tuyo Isaza\Documents\GitHub\CBC\node_modules\@prisma\client\runtime\library.js:121:6307)
    at async l (C:\Users\Tuyo Isaza\Documents\GitHub\CBC\node_modules\@prisma\client\runtime\library.js:130:9633)
    at async d (C:\Users\Tuyo Isaza\Documents\GitHub\CBC\apps\admin\.next\server\app\admin\(protected)\settings\page.js:1:14347)
    at async c (C:\Users\Tuyo Isaza\Documents\GitHub\CBC\apps\admin\.next\server\app\admin\(protected)\settings\page.js:1:14494) {
  clientVersion: '5.22.0',
  errorCode: undefined,
  digest: '2874225837'
}
PrismaClientInitializationError: 
Invalid `prisma.setting.findMany()` invocation:


error: Environment variable not found: DATABASE_URL.
  -->  schema.prisma:7
   | 
 6 |   provider = "postgresql"
 7 |   url      = env("DATABASE_URL")
   | 

Validation Error Count: 1
    at $n.handleRequestError (C:\Users\Tuyo Isaza\Documents\GitHub\CBC\node_modules\@prisma\client\runtime\library.js:121:7615)
    at $n.handleAndLogRequestError (C:\Users\Tuyo Isaza\Documents\GitHub\CBC\node_modules\@prisma\client\runtime\library.js:121:6623)
    at $n.request (C:\Users\Tuyo Isaza\Documents\GitHub\CBC\node_modules\@prisma\client\runtime\library.js:121:6307)
    at async l (C:\Users\Tuyo Isaza\Documents\GitHub\CBC\node_modules\@prisma\client\runtime\library.js:130:9633)
    at async d (C:\Users\Tuyo Isaza\Documents\GitHub\CBC\apps\admin\.next\server\app\admin\(protected)\settings\page.js:1:14347)
    at async c (C:\Users\Tuyo Isaza\Documents\GitHub\CBC\apps\admin\.next\server\app\admin\(protected)\settings\page.js:1:14494) {
  clientVersion: '5.22.0',
  errorCode: undefined,
  digest: '2874225837'
}
PrismaClientInitializationError: 
Invalid `prisma.lead.findMany()` invocation:


error: Environment variable not found: DATABASE_URL.
  -->  schema.prisma:7
   | 
 6 |   provider = "postgresql"
 7 |   url      = env("DATABASE_URL")
   | 

Validation Error Count: 1
    at $n.handleRequestError (C:\Users\Tuyo Isaza\Documents\GitHub\CBC\node_modules\@prisma\client\runtime\library.js:121:7615)
    at $n.handleAndLogRequestError (C:\Users\Tuyo Isaza\Documents\GitHub\CBC\node_modules\@prisma\client\runtime\library.js:121:6623)
    at $n.request (C:\Users\Tuyo Isaza\Documents\GitHub\CBC\node_modules\@prisma\client\runtime\library.js:121:6307)
    at async l (C:\Users\Tuyo Isaza\Documents\GitHub\CBC\node_modules\@prisma\client\runtime\library.js:130:9633)
    at async m (C:\Users\Tuyo Isaza\Documents\GitHub\CBC\apps\admin\.next\server\app\admin\(protected)\sales\leads\page.js:1:6964) {
  clientVersion: '5.22.0',
  errorCode: undefined,
  digest: '2768701926'
}
PrismaClientInitializationError: 
Invalid `prisma.lead.findMany()` invocation:


error: Environment variable not found: DATABASE_URL.
  -->  schema.prisma:7
   | 
 6 |   provider = "postgresql"
 7 |   url      = env("DATABASE_URL")
   | 

Validation Error Count: 1
    at $n.handleRequestError (C:\Users\Tuyo Isaza\Documents\GitHub\CBC\node_modules\@prisma\client\runtime\library.js:121:7615)
    at $n.handleAndLogRequestError (C:\Users\Tuyo Isaza\Documents\GitHub\CBC\node_modules\@prisma\client\runtime\library.js:121:6623)
    at $n.request (C:\Users\Tuyo Isaza\Documents\GitHub\CBC\node_modules\@prisma\client\runtime\library.js:121:6307)
    at async l (C:\Users\Tuyo Isaza\Documents\GitHub\CBC\node_modules\@prisma\client\runtime\library.js:130:9633)
    at async m (C:\Users\Tuyo Isaza\Documents\GitHub\CBC\apps\admin\.next\server\app\admin\(protected)\sales\leads\page.js:1:6964) {
  clientVersion: '5.22.0',
  errorCode: undefined,
  digest: '2768701926'
}
PrismaClientInitializationError: 
Invalid `prisma.coffee.findFirst()` invocation:


error: Environment variable not found: DATABASE_URL.
  -->  schema.prisma:7
   | 
 6 |   provider = "postgresql"
 7 |   url      = env("DATABASE_URL")
   | 

Validation Error Count: 1
    at $n.handleRequestError (C:\Users\Tuyo Isaza\Documents\GitHub\CBC\node_modules\@prisma\client\runtime\library.js:121:7615)
    at $n.handleAndLogRequestError (C:\Users\Tuyo Isaza\Documents\GitHub\CBC\node_modules\@prisma\client\runtime\library.js:121:6623)
    at $n.request (C:\Users\Tuyo Isaza\Documents\GitHub\CBC\node_modules\@prisma\client\runtime\library.js:121:6307)
    at async l (C:\Users\Tuyo Isaza\Documents\GitHub\CBC\node_modules\@prisma\client\runtime\library.js:130:9633)
    at async Promise.all (index 1)
    at async l (C:\Users\Tuyo Isaza\Documents\GitHub\CBC\apps\admin\.next\server\app\admin\(protected)\marketing\generator\page.js:1:13396) {
  clientVersion: '5.22.0',
  errorCode: undefined,
  digest: '2513670131'
}
PrismaClientInitializationError: 
Invalid `prisma.coffee.findFirst()` invocation:


error: Environment variable not found: DATABASE_URL.
  -->  schema.prisma:7
   | 
 6 |   provider = "postgresql"
 7 |   url      = env("DATABASE_URL")
   | 

Validation Error Count: 1
    at $n.handleRequestError (C:\Users\Tuyo Isaza\Documents\GitHub\CBC\node_modules\@prisma\client\runtime\library.js:121:7615)
    at $n.handleAndLogRequestError (C:\Users\Tuyo Isaza\Documents\GitHub\CBC\node_modules\@prisma\client\runtime\library.js:121:6623)
    at $n.request (C:\Users\Tuyo Isaza\Documents\GitHub\CBC\node_modules\@prisma\client\runtime\library.js:121:6307)
    at async l (C:\Users\Tuyo Isaza\Documents\GitHub\CBC\node_modules\@prisma\client\runtime\library.js:130:9633)
    at async Promise.all (index 1)
    at async l (C:\Users\Tuyo Isaza\Documents\GitHub\CBC\apps\admin\.next\server\app\admin\(protected)\marketing\generator\page.js:1:13396) {
  clientVersion: '5.22.0',
  errorCode: undefined,
  digest: '2513670131'
}
 ✓ Generating static pages (30/30)
   Finalizing page optimization ...
   Collecting build traces ...

Route (app)                              Size     First Load JS
┌ ○ /_not-found                          873 B          88.1 kB
├ ƒ /admin/dashboard                     183 B          96.2 kB
├ ƒ /admin/marketing                     183 B          96.2 kB
├ ƒ /admin/marketing/coffee              2.9 kB         90.2 kB
├ ƒ /admin/marketing/generator           2.97 kB        90.2 kB
├ ƒ /admin/marketing/history             146 B          87.4 kB
├ ƒ /admin/marketing/schedule            2.13 kB        89.4 kB
├ ƒ /admin/sales                         146 B          87.4 kB
├ ƒ /admin/sales/leads                   183 B          96.2 kB
├ ƒ /admin/sales/leads/[id]              862 B          96.8 kB
├ ƒ /admin/sales/orders                  183 B          96.2 kB
├ ƒ /admin/sales/orders/[id]             776 B          96.7 kB
├ ƒ /admin/sales/revenue                 146 B          87.4 kB
├ ƒ /admin/service                       3.53 kB        90.8 kB
├ ƒ /admin/settings                      3.07 kB        90.3 kB
├ ƒ /api/admin/cfdi                      0 B                0 B
├ ƒ /api/admin/coffee                    0 B                0 B
├ ƒ /api/admin/engine                    0 B                0 B
├ ƒ /api/admin/leads/[id]                0 B                0 B
├ ƒ /api/admin/messages                  0 B                0 B
├ ƒ /api/admin/orders                    0 B                0 B
├ ƒ /api/admin/posts                     0 B                0 B
├ ƒ /api/admin/quotes                    0 B                0 B
├ ƒ /api/admin/schedule                  0 B                0 B
├ ƒ /api/admin/settings                  0 B                0 B
├ ƒ /api/auth/[...nextauth]              0 B                0 B
├ ƒ /api/coffee/current                  0 B                0 B
├ ƒ /api/health                          0 B                0 B
├ ƒ /api/leads                           0 B                0 B
├ ƒ /api/tracking/[code]                 0 B                0 B
├ ƒ /api/upload                          0 B                0 B
├ ƒ /api/webhooks/stripe                 0 B                0 B
├ ƒ /api/webhooks/whatsapp               0 B                0 B
└ ○ /login                               1.53 kB        98.4 kB
+ First Load JS shared by all            87.3 kB
  ├ chunks/1dd3208c-0c0f51e0ed2fb112.js  53.6 kB
  ├ chunks/528-9aca63389b68b49d.js       31.7 kB
  └ other shared chunks (total)          1.92 kB


○  (Static)   prerendered as static content
ƒ  (Dynamic)  server-rendered on demand

